Flat profile:

Each sample counts as 0.01 seconds.
 no time accumulated

  %   cumulative   self              self     total           
 time   seconds   seconds    calls  Ts/call  Ts/call  name    
  0.00      0.00     0.00    61408     0.00     0.00  __gnu_cxx::__normal_iterator<unsigned int*, std::vector<unsigned int, std::allocator<unsigned int> > >::base() const
  0.00      0.00     0.00    30704     0.00     0.00  bool __gnu_cxx::operator!=<unsigned int*, std::vector<unsigned int, std::allocator<unsigned int> > >(__gnu_cxx::__normal_iterator<unsigned int*, std::vector<unsigned int, std::allocator<unsigned int> > > const&, __gnu_cxx::__normal_iterator<unsigned int*, std::vector<unsigned int, std::allocator<unsigned int> > > const&)
  0.00      0.00     0.00    30466     0.00     0.00  __gnu_cxx::__normal_iterator<unsigned int*, std::vector<unsigned int, std::allocator<unsigned int> > >::operator*() const
  0.00      0.00     0.00    29215     0.00     0.00  __gnu_cxx::__normal_iterator<unsigned int*, std::vector<unsigned int, std::allocator<unsigned int> > >::operator++()
  0.00      0.00     0.00     2978     0.00     0.00  __gnu_cxx::__normal_iterator<unsigned int*, std::vector<unsigned int, std::allocator<unsigned int> > >::__normal_iterator(unsigned int* const&)
  0.00      0.00     0.00     1489     0.00     0.00  std::vector<unsigned int, std::allocator<unsigned int> >::end()
  0.00      0.00     0.00     1489     0.00     0.00  std::vector<unsigned int, std::allocator<unsigned int> >::begin()
  0.00      0.00     0.00      489     0.00     0.00  unsigned int const& std::forward<unsigned int const&>(std::remove_reference<unsigned int const&>::type&)
  0.00      0.00     0.00      239     0.00     0.00  void __gnu_cxx::new_allocator<unsigned int>::construct<unsigned int, unsigned int const&>(unsigned int*, unsigned int const&)
  0.00      0.00     0.00      239     0.00     0.00  void std::allocator_traits<std::allocator<unsigned int> >::construct<unsigned int, unsigned int const&>(std::allocator<unsigned int>&, unsigned int*, unsigned int const&)
  0.00      0.00     0.00      239     0.00     0.00  std::vector<unsigned int, std::allocator<unsigned int> >::push_back(unsigned int const&)
  0.00      0.00     0.00      239     0.00     0.00  operator new(unsigned long, void*)
  0.00      0.00     0.00       55     0.00     0.00  std::vector<unsigned int, std::allocator<unsigned int> >::size() const
  0.00      0.00     0.00       33     0.00     0.00  __gnu_cxx::new_allocator<unsigned int>::max_size() const
  0.00      0.00     0.00       33     0.00     0.00  std::_Iter_base<unsigned int*, false>::_S_base(unsigned int*)
  0.00      0.00     0.00       33     0.00     0.00  std::_Niter_base<unsigned int*>::iterator_type std::__niter_base<unsigned int*>(unsigned int*)
  0.00      0.00     0.00       24     0.00     0.00  std::_Vector_base<unsigned int, std::allocator<unsigned int> >::_M_get_Tp_allocator()
  0.00      0.00     0.00       22     0.00     0.00  std::_Vector_base<unsigned int, std::allocator<unsigned int> >::_M_get_Tp_allocator() const
  0.00      0.00     0.00       22     0.00     0.00  std::move_iterator<unsigned int*>::base() const
  0.00      0.00     0.00       22     0.00     0.00  std::vector<unsigned int, std::allocator<unsigned int> >::max_size() const
  0.00      0.00     0.00       22     0.00     0.00  std::_Iter_base<std::move_iterator<unsigned int*>, true>::_S_base(std::move_iterator<unsigned int*>)
  0.00      0.00     0.00       22     0.00     0.00  std::move_iterator<unsigned int*>::move_iterator(unsigned int*)
  0.00      0.00     0.00       22     0.00     0.00  std::allocator_traits<std::allocator<unsigned int> >::max_size(std::allocator<unsigned int> const&)
  0.00      0.00     0.00       22     0.00     0.00  std::_Miter_base<std::move_iterator<unsigned int*> >::iterator_type std::__miter_base<std::move_iterator<unsigned int*> >(std::move_iterator<unsigned int*>)
  0.00      0.00     0.00       22     0.00     0.00  std::move_iterator<unsigned int*> std::__make_move_if_noexcept_iterator<unsigned int*, std::move_iterator<unsigned int*> >(unsigned int*)
  0.00      0.00     0.00       13     0.00     0.00  void std::_Destroy_aux<true>::__destroy<unsigned int*>(unsigned int*, unsigned int*)
  0.00      0.00     0.00       13     0.00     0.00  std::_Vector_base<unsigned int, std::allocator<unsigned int> >::_M_deallocate(unsigned int*, unsigned long)
  0.00      0.00     0.00       13     0.00     0.00  void std::_Destroy<unsigned int*>(unsigned int*, unsigned int*)
  0.00      0.00     0.00       13     0.00     0.00  void std::_Destroy<unsigned int*, unsigned int>(unsigned int*, unsigned int*, std::allocator<unsigned int>&)
  0.00      0.00     0.00       11     0.00     0.00  __gnu_cxx::new_allocator<unsigned int>::deallocate(unsigned int*, unsigned long)
  0.00      0.00     0.00       11     0.00     0.00  __gnu_cxx::new_allocator<unsigned int>::allocate(unsigned long, void const*)
  0.00      0.00     0.00       11     0.00     0.00  std::vector<unsigned int, std::allocator<unsigned int> >::_M_check_len(unsigned long, char const*) const
  0.00      0.00     0.00       11     0.00     0.00  unsigned int* std::__copy_move<true, true, std::random_access_iterator_tag>::__copy_m<unsigned int>(unsigned int const*, unsigned int const*, unsigned int*)
  0.00      0.00     0.00       11     0.00     0.00  std::_Vector_base<unsigned int, std::allocator<unsigned int> >::_M_allocate(unsigned long)
  0.00      0.00     0.00       11     0.00     0.00  std::allocator_traits<std::allocator<unsigned int> >::deallocate(std::allocator<unsigned int>&, unsigned int*, unsigned long)
  0.00      0.00     0.00       11     0.00     0.00  std::allocator_traits<std::allocator<unsigned int> >::allocate(std::allocator<unsigned int>&, unsigned long)
  0.00      0.00     0.00       11     0.00     0.00  unsigned int* std::__uninitialized_copy<true>::__uninit_copy<std::move_iterator<unsigned int*>, unsigned int*>(std::move_iterator<unsigned int*>, std::move_iterator<unsigned int*>, unsigned int*)
  0.00      0.00     0.00       11     0.00     0.00  void std::vector<unsigned int, std::allocator<unsigned int> >::_M_emplace_back_aux<unsigned int const&>(unsigned int const&)
  0.00      0.00     0.00       11     0.00     0.00  unsigned int* std::__copy_move_a<true, unsigned int*, unsigned int*>(unsigned int*, unsigned int*, unsigned int*)
  0.00      0.00     0.00       11     0.00     0.00  unsigned int* std::__copy_move_a2<true, unsigned int*, unsigned int*>(unsigned int*, unsigned int*, unsigned int*)
  0.00      0.00     0.00       11     0.00     0.00  unsigned int* std::uninitialized_copy<std::move_iterator<unsigned int*>, unsigned int*>(std::move_iterator<unsigned int*>, std::move_iterator<unsigned int*>, unsigned int*)
  0.00      0.00     0.00       11     0.00     0.00  unsigned int* std::__uninitialized_copy_a<std::move_iterator<unsigned int*>, unsigned int*, unsigned int>(std::move_iterator<unsigned int*>, std::move_iterator<unsigned int*>, unsigned int*, std::allocator<unsigned int>&)
  0.00      0.00     0.00       11     0.00     0.00  unsigned int* std::__uninitialized_move_if_noexcept_a<unsigned int*, unsigned int*, std::allocator<unsigned int> >(unsigned int*, unsigned int*, unsigned int*, std::allocator<unsigned int>&)
  0.00      0.00     0.00       11     0.00     0.00  unsigned long const& std::max<unsigned long>(unsigned long const&, unsigned long const&)
  0.00      0.00     0.00       11     0.00     0.00  unsigned int* std::copy<std::move_iterator<unsigned int*>, unsigned int*>(std::move_iterator<unsigned int*>, std::move_iterator<unsigned int*>, unsigned int*)
  0.00      0.00     0.00        2     0.00     0.00  __gnu_cxx::new_allocator<unsigned int>::new_allocator()
  0.00      0.00     0.00        2     0.00     0.00  __gnu_cxx::new_allocator<unsigned int>::~new_allocator()
  0.00      0.00     0.00        2     0.00     0.00  std::allocator<unsigned int>::allocator()
  0.00      0.00     0.00        2     0.00     0.00  std::allocator<unsigned int>::~allocator()
  0.00      0.00     0.00        2     0.00     0.00  std::_Vector_base<unsigned int, std::allocator<unsigned int> >::_Vector_impl::_Vector_impl()
  0.00      0.00     0.00        2     0.00     0.00  std::_Vector_base<unsigned int, std::allocator<unsigned int> >::_Vector_impl::~_Vector_impl()
  0.00      0.00     0.00        2     0.00     0.00  std::_Vector_base<unsigned int, std::allocator<unsigned int> >::_Vector_base()
  0.00      0.00     0.00        2     0.00     0.00  std::_Vector_base<unsigned int, std::allocator<unsigned int> >::~_Vector_base()
  0.00      0.00     0.00        2     0.00     0.00  std::vector<unsigned int, std::allocator<unsigned int> >::vector()
  0.00      0.00     0.00        2     0.00     0.00  std::vector<unsigned int, std::allocator<unsigned int> >::~vector()
  0.00      0.00     0.00        1     0.00     0.00  _GLOBAL__sub_I__Z3divi
  0.00      0.00     0.00        1     0.00     0.00  div(int)
  0.00      0.00     0.00        1     0.00     0.00  __static_initialization_and_destruction_0(int, int)

 %         the percentage of the total running time of the
time       program used by this function.

cumulative a running sum of the number of seconds accounted
 seconds   for by this function and those listed above it.

 self      the number of seconds accounted for by this
seconds    function alone.  This is the major sort for this
           listing.

calls      the number of times this function was invoked, if
           this function is profiled, else blank.

 self      the average number of milliseconds spent in this
ms/call    function per call, if this function is profiled,
	   else blank.

 total     the average number of milliseconds spent in this
ms/call    function and its descendents per call, if this
	   function is profiled, else blank.

name       the name of the function.  This is the minor sort
           for this listing. The index shows the location of
	   the function in the gprof listing. If the index is
	   in parenthesis it shows where it would appear in
	   the gprof listing if it were to be printed.

Copyright (C) 2012-2015 Free Software Foundation, Inc.

Copying and distribution of this file, with or without modification,
are permitted in any medium without royalty provided the copyright
notice and this notice are preserved.

		     Call graph (explanation follows)


granularity: each sample hit covers 2 byte(s) no time propagated

index % time    self  children    called     name
                0.00    0.00   61408/61408       bool __gnu_cxx::operator!=<unsigned int*, std::vector<unsigned int, std::allocator<unsigned int> > >(__gnu_cxx::__normal_iterator<unsigned int*, std::vector<unsigned int, std::allocator<unsigned int> > > const&, __gnu_cxx::__normal_iterator<unsigned int*, std::vector<unsigned int, std::allocator<unsigned int> > > const&) [9]
[8]      0.0    0.00    0.00   61408         __gnu_cxx::__normal_iterator<unsigned int*, std::vector<unsigned int, std::allocator<unsigned int> > >::base() const [8]
-----------------------------------------------
                0.00    0.00       3/30704       main [6]
                0.00    0.00   30701/30704       div(int) [64]
[9]      0.0    0.00    0.00   30704         bool __gnu_cxx::operator!=<unsigned int*, std::vector<unsigned int, std::allocator<unsigned int> > >(__gnu_cxx::__normal_iterator<unsigned int*, std::vector<unsigned int, std::allocator<unsigned int> > > const&, __gnu_cxx::__normal_iterator<unsigned int*, std::vector<unsigned int, std::allocator<unsigned int> > > const&) [9]
                0.00    0.00   61408/61408       __gnu_cxx::__normal_iterator<unsigned int*, std::vector<unsigned int, std::allocator<unsigned int> > >::base() const [8]
-----------------------------------------------
                0.00    0.00       2/30466       main [6]
                0.00    0.00   30464/30466       div(int) [64]
[10]     0.0    0.00    0.00   30466         __gnu_cxx::__normal_iterator<unsigned int*, std::vector<unsigned int, std::allocator<unsigned int> > >::operator*() const [10]
-----------------------------------------------
                0.00    0.00       2/29215       main [6]
                0.00    0.00   29213/29215       div(int) [64]
[11]     0.0    0.00    0.00   29215         __gnu_cxx::__normal_iterator<unsigned int*, std::vector<unsigned int, std::allocator<unsigned int> > >::operator++() [11]
-----------------------------------------------
                0.00    0.00    1489/2978        std::vector<unsigned int, std::allocator<unsigned int> >::begin() [14]
                0.00    0.00    1489/2978        std::vector<unsigned int, std::allocator<unsigned int> >::end() [13]
[12]     0.0    0.00    0.00    2978         __gnu_cxx::__normal_iterator<unsigned int*, std::vector<unsigned int, std::allocator<unsigned int> > >::__normal_iterator(unsigned int* const&) [12]
-----------------------------------------------
                0.00    0.00       1/1489        main [6]
                0.00    0.00    1488/1489        div(int) [64]
[13]     0.0    0.00    0.00    1489         std::vector<unsigned int, std::allocator<unsigned int> >::end() [13]
                0.00    0.00    1489/2978        __gnu_cxx::__normal_iterator<unsigned int*, std::vector<unsigned int, std::allocator<unsigned int> > >::__normal_iterator(unsigned int* const&) [12]
-----------------------------------------------
                0.00    0.00       1/1489        main [6]
                0.00    0.00    1488/1489        div(int) [64]
[14]     0.0    0.00    0.00    1489         std::vector<unsigned int, std::allocator<unsigned int> >::begin() [14]
                0.00    0.00    1489/2978        __gnu_cxx::__normal_iterator<unsigned int*, std::vector<unsigned int, std::allocator<unsigned int> > >::__normal_iterator(unsigned int* const&) [12]
-----------------------------------------------
                0.00    0.00      11/489         void std::vector<unsigned int, std::allocator<unsigned int> >::_M_emplace_back_aux<unsigned int const&>(unsigned int const&) [45]
                0.00    0.00     239/489         void std::allocator_traits<std::allocator<unsigned int> >::construct<unsigned int, unsigned int const&>(std::allocator<unsigned int>&, unsigned int*, unsigned int const&) [17]
                0.00    0.00     239/489         void __gnu_cxx::new_allocator<unsigned int>::construct<unsigned int, unsigned int const&>(unsigned int*, unsigned int const&) [16]
[15]     0.0    0.00    0.00     489         unsigned int const& std::forward<unsigned int const&>(std::remove_reference<unsigned int const&>::type&) [15]
-----------------------------------------------
                0.00    0.00     239/239         void std::allocator_traits<std::allocator<unsigned int> >::construct<unsigned int, unsigned int const&>(std::allocator<unsigned int>&, unsigned int*, unsigned int const&) [17]
[16]     0.0    0.00    0.00     239         void __gnu_cxx::new_allocator<unsigned int>::construct<unsigned int, unsigned int const&>(unsigned int*, unsigned int const&) [16]
                0.00    0.00     239/489         unsigned int const& std::forward<unsigned int const&>(std::remove_reference<unsigned int const&>::type&) [15]
                0.00    0.00     239/239         operator new(unsigned long, void*) [19]
-----------------------------------------------
                0.00    0.00      11/239         void std::vector<unsigned int, std::allocator<unsigned int> >::_M_emplace_back_aux<unsigned int const&>(unsigned int const&) [45]
                0.00    0.00     228/239         std::vector<unsigned int, std::allocator<unsigned int> >::push_back(unsigned int const&) [18]
[17]     0.0    0.00    0.00     239         void std::allocator_traits<std::allocator<unsigned int> >::construct<unsigned int, unsigned int const&>(std::allocator<unsigned int>&, unsigned int*, unsigned int const&) [17]
                0.00    0.00     239/489         unsigned int const& std::forward<unsigned int const&>(std::remove_reference<unsigned int const&>::type&) [15]
                0.00    0.00     239/239         void __gnu_cxx::new_allocator<unsigned int>::construct<unsigned int, unsigned int const&>(unsigned int*, unsigned int const&) [16]
-----------------------------------------------
                0.00    0.00     239/239         div(int) [64]
[18]     0.0    0.00    0.00     239         std::vector<unsigned int, std::allocator<unsigned int> >::push_back(unsigned int const&) [18]
                0.00    0.00     228/239         void std::allocator_traits<std::allocator<unsigned int> >::construct<unsigned int, unsigned int const&>(std::allocator<unsigned int>&, unsigned int*, unsigned int const&) [17]
                0.00    0.00      11/11          void std::vector<unsigned int, std::allocator<unsigned int> >::_M_emplace_back_aux<unsigned int const&>(unsigned int const&) [45]
-----------------------------------------------
                0.00    0.00     239/239         void __gnu_cxx::new_allocator<unsigned int>::construct<unsigned int, unsigned int const&>(unsigned int*, unsigned int const&) [16]
[19]     0.0    0.00    0.00     239         operator new(unsigned long, void*) [19]
-----------------------------------------------
                0.00    0.00      11/55          void std::vector<unsigned int, std::allocator<unsigned int> >::_M_emplace_back_aux<unsigned int const&>(unsigned int const&) [45]
                0.00    0.00      44/55          std::vector<unsigned int, std::allocator<unsigned int> >::_M_check_len(unsigned long, char const*) const [39]
[20]     0.0    0.00    0.00      55         std::vector<unsigned int, std::allocator<unsigned int> >::size() const [20]
-----------------------------------------------
                0.00    0.00      11/33          __gnu_cxx::new_allocator<unsigned int>::allocate(unsigned long, void const*) [38]
                0.00    0.00      22/33          std::allocator_traits<std::allocator<unsigned int> >::max_size(std::allocator<unsigned int> const&) [30]
[21]     0.0    0.00    0.00      33         __gnu_cxx::new_allocator<unsigned int>::max_size() const [21]
-----------------------------------------------
                0.00    0.00      33/33          std::_Niter_base<unsigned int*>::iterator_type std::__niter_base<unsigned int*>(unsigned int*) [23]
[22]     0.0    0.00    0.00      33         std::_Iter_base<unsigned int*, false>::_S_base(unsigned int*) [22]
-----------------------------------------------
                0.00    0.00      33/33          unsigned int* std::__copy_move_a2<true, unsigned int*, unsigned int*>(unsigned int*, unsigned int*, unsigned int*) [47]
[23]     0.0    0.00    0.00      33         std::_Niter_base<unsigned int*>::iterator_type std::__niter_base<unsigned int*>(unsigned int*) [23]
                0.00    0.00      33/33          std::_Iter_base<unsigned int*, false>::_S_base(unsigned int*) [22]
-----------------------------------------------
                0.00    0.00       2/24          std::vector<unsigned int, std::allocator<unsigned int> >::~vector() [62]
                0.00    0.00      22/24          void std::vector<unsigned int, std::allocator<unsigned int> >::_M_emplace_back_aux<unsigned int const&>(unsigned int const&) [45]
[24]     0.0    0.00    0.00      24         std::_Vector_base<unsigned int, std::allocator<unsigned int> >::_M_get_Tp_allocator() [24]
-----------------------------------------------
                0.00    0.00      22/22          std::vector<unsigned int, std::allocator<unsigned int> >::max_size() const [27]
[25]     0.0    0.00    0.00      22         std::_Vector_base<unsigned int, std::allocator<unsigned int> >::_M_get_Tp_allocator() const [25]
-----------------------------------------------
                0.00    0.00      22/22          std::_Iter_base<std::move_iterator<unsigned int*>, true>::_S_base(std::move_iterator<unsigned int*>) [28]
[26]     0.0    0.00    0.00      22         std::move_iterator<unsigned int*>::base() const [26]
-----------------------------------------------
                0.00    0.00      22/22          std::vector<unsigned int, std::allocator<unsigned int> >::_M_check_len(unsigned long, char const*) const [39]
[27]     0.0    0.00    0.00      22         std::vector<unsigned int, std::allocator<unsigned int> >::max_size() const [27]
                0.00    0.00      22/22          std::_Vector_base<unsigned int, std::allocator<unsigned int> >::_M_get_Tp_allocator() const [25]
                0.00    0.00      22/22          std::allocator_traits<std::allocator<unsigned int> >::max_size(std::allocator<unsigned int> const&) [30]
-----------------------------------------------
                0.00    0.00      22/22          std::_Miter_base<std::move_iterator<unsigned int*> >::iterator_type std::__miter_base<std::move_iterator<unsigned int*> >(std::move_iterator<unsigned int*>) [31]
[28]     0.0    0.00    0.00      22         std::_Iter_base<std::move_iterator<unsigned int*>, true>::_S_base(std::move_iterator<unsigned int*>) [28]
                0.00    0.00      22/22          std::move_iterator<unsigned int*>::base() const [26]
-----------------------------------------------
                0.00    0.00      22/22          std::move_iterator<unsigned int*> std::__make_move_if_noexcept_iterator<unsigned int*, std::move_iterator<unsigned int*> >(unsigned int*) [32]
[29]     0.0    0.00    0.00      22         std::move_iterator<unsigned int*>::move_iterator(unsigned int*) [29]
-----------------------------------------------
                0.00    0.00      22/22          std::vector<unsigned int, std::allocator<unsigned int> >::max_size() const [27]
[30]     0.0    0.00    0.00      22         std::allocator_traits<std::allocator<unsigned int> >::max_size(std::allocator<unsigned int> const&) [30]
                0.00    0.00      22/33          __gnu_cxx::new_allocator<unsigned int>::max_size() const [21]
-----------------------------------------------
                0.00    0.00      22/22          unsigned int* std::copy<std::move_iterator<unsigned int*>, unsigned int*>(std::move_iterator<unsigned int*>, std::move_iterator<unsigned int*>, unsigned int*) [52]
[31]     0.0    0.00    0.00      22         std::_Miter_base<std::move_iterator<unsigned int*> >::iterator_type std::__miter_base<std::move_iterator<unsigned int*> >(std::move_iterator<unsigned int*>) [31]
                0.00    0.00      22/22          std::_Iter_base<std::move_iterator<unsigned int*>, true>::_S_base(std::move_iterator<unsigned int*>) [28]
-----------------------------------------------
                0.00    0.00      22/22          unsigned int* std::__uninitialized_move_if_noexcept_a<unsigned int*, unsigned int*, std::allocator<unsigned int> >(unsigned int*, unsigned int*, unsigned int*, std::allocator<unsigned int>&) [50]
[32]     0.0    0.00    0.00      22         std::move_iterator<unsigned int*> std::__make_move_if_noexcept_iterator<unsigned int*, std::move_iterator<unsigned int*> >(unsigned int*) [32]
                0.00    0.00      22/22          std::move_iterator<unsigned int*>::move_iterator(unsigned int*) [29]
-----------------------------------------------
                0.00    0.00      13/13          void std::_Destroy<unsigned int*>(unsigned int*, unsigned int*) [35]
[33]     0.0    0.00    0.00      13         void std::_Destroy_aux<true>::__destroy<unsigned int*>(unsigned int*, unsigned int*) [33]
-----------------------------------------------
                0.00    0.00       2/13          std::_Vector_base<unsigned int, std::allocator<unsigned int> >::~_Vector_base() [60]
                0.00    0.00      11/13          void std::vector<unsigned int, std::allocator<unsigned int> >::_M_emplace_back_aux<unsigned int const&>(unsigned int const&) [45]
[34]     0.0    0.00    0.00      13         std::_Vector_base<unsigned int, std::allocator<unsigned int> >::_M_deallocate(unsigned int*, unsigned long) [34]
                0.00    0.00      11/11          std::allocator_traits<std::allocator<unsigned int> >::deallocate(std::allocator<unsigned int>&, unsigned int*, unsigned long) [42]
-----------------------------------------------
                0.00    0.00      13/13          void std::_Destroy<unsigned int*, unsigned int>(unsigned int*, unsigned int*, std::allocator<unsigned int>&) [36]
[35]     0.0    0.00    0.00      13         void std::_Destroy<unsigned int*>(unsigned int*, unsigned int*) [35]
                0.00    0.00      13/13          void std::_Destroy_aux<true>::__destroy<unsigned int*>(unsigned int*, unsigned int*) [33]
-----------------------------------------------
                0.00    0.00       2/13          std::vector<unsigned int, std::allocator<unsigned int> >::~vector() [62]
                0.00    0.00      11/13          void std::vector<unsigned int, std::allocator<unsigned int> >::_M_emplace_back_aux<unsigned int const&>(unsigned int const&) [45]
[36]     0.0    0.00    0.00      13         void std::_Destroy<unsigned int*, unsigned int>(unsigned int*, unsigned int*, std::allocator<unsigned int>&) [36]
                0.00    0.00      13/13          void std::_Destroy<unsigned int*>(unsigned int*, unsigned int*) [35]
-----------------------------------------------
                0.00    0.00      11/11          std::allocator_traits<std::allocator<unsigned int> >::deallocate(std::allocator<unsigned int>&, unsigned int*, unsigned long) [42]
[37]     0.0    0.00    0.00      11         __gnu_cxx::new_allocator<unsigned int>::deallocate(unsigned int*, unsigned long) [37]
-----------------------------------------------
                0.00    0.00      11/11          std::allocator_traits<std::allocator<unsigned int> >::allocate(std::allocator<unsigned int>&, unsigned long) [43]
[38]     0.0    0.00    0.00      11         __gnu_cxx::new_allocator<unsigned int>::allocate(unsigned long, void const*) [38]
                0.00    0.00      11/33          __gnu_cxx::new_allocator<unsigned int>::max_size() const [21]
-----------------------------------------------
                0.00    0.00      11/11          void std::vector<unsigned int, std::allocator<unsigned int> >::_M_emplace_back_aux<unsigned int const&>(unsigned int const&) [45]
[39]     0.0    0.00    0.00      11         std::vector<unsigned int, std::allocator<unsigned int> >::_M_check_len(unsigned long, char const*) const [39]
                0.00    0.00      44/55          std::vector<unsigned int, std::allocator<unsigned int> >::size() const [20]
                0.00    0.00      22/22          std::vector<unsigned int, std::allocator<unsigned int> >::max_size() const [27]
                0.00    0.00      11/11          unsigned long const& std::max<unsigned long>(unsigned long const&, unsigned long const&) [51]
-----------------------------------------------
                0.00    0.00      11/11          unsigned int* std::__copy_move_a<true, unsigned int*, unsigned int*>(unsigned int*, unsigned int*, unsigned int*) [46]
[40]     0.0    0.00    0.00      11         unsigned int* std::__copy_move<true, true, std::random_access_iterator_tag>::__copy_m<unsigned int>(unsigned int const*, unsigned int const*, unsigned int*) [40]
-----------------------------------------------
                0.00    0.00      11/11          void std::vector<unsigned int, std::allocator<unsigned int> >::_M_emplace_back_aux<unsigned int const&>(unsigned int const&) [45]
[41]     0.0    0.00    0.00      11         std::_Vector_base<unsigned int, std::allocator<unsigned int> >::_M_allocate(unsigned long) [41]
                0.00    0.00      11/11          std::allocator_traits<std::allocator<unsigned int> >::allocate(std::allocator<unsigned int>&, unsigned long) [43]
-----------------------------------------------
                0.00    0.00      11/11          std::_Vector_base<unsigned int, std::allocator<unsigned int> >::_M_deallocate(unsigned int*, unsigned long) [34]
[42]     0.0    0.00    0.00      11         std::allocator_traits<std::allocator<unsigned int> >::deallocate(std::allocator<unsigned int>&, unsigned int*, unsigned long) [42]
                0.00    0.00      11/11          __gnu_cxx::new_allocator<unsigned int>::deallocate(unsigned int*, unsigned long) [37]
-----------------------------------------------
                0.00    0.00      11/11          std::_Vector_base<unsigned int, std::allocator<unsigned int> >::_M_allocate(unsigned long) [41]
[43]     0.0    0.00    0.00      11         std::allocator_traits<std::allocator<unsigned int> >::allocate(std::allocator<unsigned int>&, unsigned long) [43]
                0.00    0.00      11/11          __gnu_cxx::new_allocator<unsigned int>::allocate(unsigned long, void const*) [38]
-----------------------------------------------
                0.00    0.00      11/11          unsigned int* std::uninitialized_copy<std::move_iterator<unsigned int*>, unsigned int*>(std::move_iterator<unsigned int*>, std::move_iterator<unsigned int*>, unsigned int*) [48]
[44]     0.0    0.00    0.00      11         unsigned int* std::__uninitialized_copy<true>::__uninit_copy<std::move_iterator<unsigned int*>, unsigned int*>(std::move_iterator<unsigned int*>, std::move_iterator<unsigned int*>, unsigned int*) [44]
                0.00    0.00      11/11          unsigned int* std::copy<std::move_iterator<unsigned int*>, unsigned int*>(std::move_iterator<unsigned int*>, std::move_iterator<unsigned int*>, unsigned int*) [52]
-----------------------------------------------
                0.00    0.00      11/11          std::vector<unsigned int, std::allocator<unsigned int> >::push_back(unsigned int const&) [18]
[45]     0.0    0.00    0.00      11         void std::vector<unsigned int, std::allocator<unsigned int> >::_M_emplace_back_aux<unsigned int const&>(unsigned int const&) [45]
                0.00    0.00      22/24          std::_Vector_base<unsigned int, std::allocator<unsigned int> >::_M_get_Tp_allocator() [24]
                0.00    0.00      11/11          std::vector<unsigned int, std::allocator<unsigned int> >::_M_check_len(unsigned long, char const*) const [39]
                0.00    0.00      11/11          std::_Vector_base<unsigned int, std::allocator<unsigned int> >::_M_allocate(unsigned long) [41]
                0.00    0.00      11/489         unsigned int const& std::forward<unsigned int const&>(std::remove_reference<unsigned int const&>::type&) [15]
                0.00    0.00      11/55          std::vector<unsigned int, std::allocator<unsigned int> >::size() const [20]
                0.00    0.00      11/239         void std::allocator_traits<std::allocator<unsigned int> >::construct<unsigned int, unsigned int const&>(std::allocator<unsigned int>&, unsigned int*, unsigned int const&) [17]
                0.00    0.00      11/11          unsigned int* std::__uninitialized_move_if_noexcept_a<unsigned int*, unsigned int*, std::allocator<unsigned int> >(unsigned int*, unsigned int*, unsigned int*, std::allocator<unsigned int>&) [50]
                0.00    0.00      11/13          void std::_Destroy<unsigned int*, unsigned int>(unsigned int*, unsigned int*, std::allocator<unsigned int>&) [36]
                0.00    0.00      11/13          std::_Vector_base<unsigned int, std::allocator<unsigned int> >::_M_deallocate(unsigned int*, unsigned long) [34]
-----------------------------------------------
                0.00    0.00      11/11          unsigned int* std::__copy_move_a2<true, unsigned int*, unsigned int*>(unsigned int*, unsigned int*, unsigned int*) [47]
[46]     0.0    0.00    0.00      11         unsigned int* std::__copy_move_a<true, unsigned int*, unsigned int*>(unsigned int*, unsigned int*, unsigned int*) [46]
                0.00    0.00      11/11          unsigned int* std::__copy_move<true, true, std::random_access_iterator_tag>::__copy_m<unsigned int>(unsigned int const*, unsigned int const*, unsigned int*) [40]
-----------------------------------------------
                0.00    0.00      11/11          unsigned int* std::copy<std::move_iterator<unsigned int*>, unsigned int*>(std::move_iterator<unsigned int*>, std::move_iterator<unsigned int*>, unsigned int*) [52]
[47]     0.0    0.00    0.00      11         unsigned int* std::__copy_move_a2<true, unsigned int*, unsigned int*>(unsigned int*, unsigned int*, unsigned int*) [47]
                0.00    0.00      33/33          std::_Niter_base<unsigned int*>::iterator_type std::__niter_base<unsigned int*>(unsigned int*) [23]
                0.00    0.00      11/11          unsigned int* std::__copy_move_a<true, unsigned int*, unsigned int*>(unsigned int*, unsigned int*, unsigned int*) [46]
-----------------------------------------------
                0.00    0.00      11/11          unsigned int* std::__uninitialized_copy_a<std::move_iterator<unsigned int*>, unsigned int*, unsigned int>(std::move_iterator<unsigned int*>, std::move_iterator<unsigned int*>, unsigned int*, std::allocator<unsigned int>&) [49]
[48]     0.0    0.00    0.00      11         unsigned int* std::uninitialized_copy<std::move_iterator<unsigned int*>, unsigned int*>(std::move_iterator<unsigned int*>, std::move_iterator<unsigned int*>, unsigned int*) [48]
                0.00    0.00      11/11          unsigned int* std::__uninitialized_copy<true>::__uninit_copy<std::move_iterator<unsigned int*>, unsigned int*>(std::move_iterator<unsigned int*>, std::move_iterator<unsigned int*>, unsigned int*) [44]
-----------------------------------------------
                0.00    0.00      11/11          unsigned int* std::__uninitialized_move_if_noexcept_a<unsigned int*, unsigned int*, std::allocator<unsigned int> >(unsigned int*, unsigned int*, unsigned int*, std::allocator<unsigned int>&) [50]
[49]     0.0    0.00    0.00      11         unsigned int* std::__uninitialized_copy_a<std::move_iterator<unsigned int*>, unsigned int*, unsigned int>(std::move_iterator<unsigned int*>, std::move_iterator<unsigned int*>, unsigned int*, std::allocator<unsigned int>&) [49]
                0.00    0.00      11/11          unsigned int* std::uninitialized_copy<std::move_iterator<unsigned int*>, unsigned int*>(std::move_iterator<unsigned int*>, std::move_iterator<unsigned int*>, unsigned int*) [48]
-----------------------------------------------
                0.00    0.00      11/11          void std::vector<unsigned int, std::allocator<unsigned int> >::_M_emplace_back_aux<unsigned int const&>(unsigned int const&) [45]
[50]     0.0    0.00    0.00      11         unsigned int* std::__uninitialized_move_if_noexcept_a<unsigned int*, unsigned int*, std::allocator<unsigned int> >(unsigned int*, unsigned int*, unsigned int*, std::allocator<unsigned int>&) [50]
                0.00    0.00      22/22          std::move_iterator<unsigned int*> std::__make_move_if_noexcept_iterator<unsigned int*, std::move_iterator<unsigned int*> >(unsigned int*) [32]
                0.00    0.00      11/11          unsigned int* std::__uninitialized_copy_a<std::move_iterator<unsigned int*>, unsigned int*, unsigned int>(std::move_iterator<unsigned int*>, std::move_iterator<unsigned int*>, unsigned int*, std::allocator<unsigned int>&) [49]
-----------------------------------------------
                0.00    0.00      11/11          std::vector<unsigned int, std::allocator<unsigned int> >::_M_check_len(unsigned long, char const*) const [39]
[51]     0.0    0.00    0.00      11         unsigned long const& std::max<unsigned long>(unsigned long const&, unsigned long const&) [51]
-----------------------------------------------
                0.00    0.00      11/11          unsigned int* std::__uninitialized_copy<true>::__uninit_copy<std::move_iterator<unsigned int*>, unsigned int*>(std::move_iterator<unsigned int*>, std::move_iterator<unsigned int*>, unsigned int*) [44]
[52]     0.0    0.00    0.00      11         unsigned int* std::copy<std::move_iterator<unsigned int*>, unsigned int*>(std::move_iterator<unsigned int*>, std::move_iterator<unsigned int*>, unsigned int*) [52]
                0.00    0.00      22/22          std::_Miter_base<std::move_iterator<unsigned int*> >::iterator_type std::__miter_base<std::move_iterator<unsigned int*> >(std::move_iterator<unsigned int*>) [31]
                0.00    0.00      11/11          unsigned int* std::__copy_move_a2<true, unsigned int*, unsigned int*>(unsigned int*, unsigned int*, unsigned int*) [47]
-----------------------------------------------
                0.00    0.00       2/2           std::allocator<unsigned int>::allocator() [55]
[53]     0.0    0.00    0.00       2         __gnu_cxx::new_allocator<unsigned int>::new_allocator() [53]
-----------------------------------------------
                0.00    0.00       2/2           std::allocator<unsigned int>::~allocator() [56]
[54]     0.0    0.00    0.00       2         __gnu_cxx::new_allocator<unsigned int>::~new_allocator() [54]
-----------------------------------------------
                0.00    0.00       2/2           std::_Vector_base<unsigned int, std::allocator<unsigned int> >::_Vector_impl::_Vector_impl() [57]
[55]     0.0    0.00    0.00       2         std::allocator<unsigned int>::allocator() [55]
                0.00    0.00       2/2           __gnu_cxx::new_allocator<unsigned int>::new_allocator() [53]
-----------------------------------------------
                0.00    0.00       2/2           std::_Vector_base<unsigned int, std::allocator<unsigned int> >::_Vector_impl::~_Vector_impl() [58]
[56]     0.0    0.00    0.00       2         std::allocator<unsigned int>::~allocator() [56]
                0.00    0.00       2/2           __gnu_cxx::new_allocator<unsigned int>::~new_allocator() [54]
-----------------------------------------------
                0.00    0.00       2/2           std::_Vector_base<unsigned int, std::allocator<unsigned int> >::_Vector_base() [59]
[57]     0.0    0.00    0.00       2         std::_Vector_base<unsigned int, std::allocator<unsigned int> >::_Vector_impl::_Vector_impl() [57]
                0.00    0.00       2/2           std::allocator<unsigned int>::allocator() [55]
-----------------------------------------------
                0.00    0.00       2/2           std::_Vector_base<unsigned int, std::allocator<unsigned int> >::~_Vector_base() [60]
[58]     0.0    0.00    0.00       2         std::_Vector_base<unsigned int, std::allocator<unsigned int> >::_Vector_impl::~_Vector_impl() [58]
                0.00    0.00       2/2           std::allocator<unsigned int>::~allocator() [56]
-----------------------------------------------
                0.00    0.00       2/2           std::vector<unsigned int, std::allocator<unsigned int> >::vector() [61]
[59]     0.0    0.00    0.00       2         std::_Vector_base<unsigned int, std::allocator<unsigned int> >::_Vector_base() [59]
                0.00    0.00       2/2           std::_Vector_base<unsigned int, std::allocator<unsigned int> >::_Vector_impl::_Vector_impl() [57]
-----------------------------------------------
                0.00    0.00       2/2           std::vector<unsigned int, std::allocator<unsigned int> >::~vector() [62]
[60]     0.0    0.00    0.00       2         std::_Vector_base<unsigned int, std::allocator<unsigned int> >::~_Vector_base() [60]
                0.00    0.00       2/13          std::_Vector_base<unsigned int, std::allocator<unsigned int> >::_M_deallocate(unsigned int*, unsigned long) [34]
                0.00    0.00       2/2           std::_Vector_base<unsigned int, std::allocator<unsigned int> >::_Vector_impl::~_Vector_impl() [58]
-----------------------------------------------
                0.00    0.00       2/2           div(int) [64]
[61]     0.0    0.00    0.00       2         std::vector<unsigned int, std::allocator<unsigned int> >::vector() [61]
                0.00    0.00       2/2           std::_Vector_base<unsigned int, std::allocator<unsigned int> >::_Vector_base() [59]
-----------------------------------------------
                0.00    0.00       1/2           div(int) [64]
                0.00    0.00       1/2           main [6]
[62]     0.0    0.00    0.00       2         std::vector<unsigned int, std::allocator<unsigned int> >::~vector() [62]
                0.00    0.00       2/24          std::_Vector_base<unsigned int, std::allocator<unsigned int> >::_M_get_Tp_allocator() [24]
                0.00    0.00       2/13          void std::_Destroy<unsigned int*, unsigned int>(unsigned int*, unsigned int*, std::allocator<unsigned int>&) [36]
                0.00    0.00       2/2           std::_Vector_base<unsigned int, std::allocator<unsigned int> >::~_Vector_base() [60]
-----------------------------------------------
                0.00    0.00       1/1           __libc_csu_init [73]
[63]     0.0    0.00    0.00       1         _GLOBAL__sub_I__Z3divi [63]
                0.00    0.00       1/1           __static_initialization_and_destruction_0(int, int) [65]
-----------------------------------------------
                0.00    0.00       1/1           main [6]
[64]     0.0    0.00    0.00       1         div(int) [64]
                0.00    0.00   30701/30704       bool __gnu_cxx::operator!=<unsigned int*, std::vector<unsigned int, std::allocator<unsigned int> > >(__gnu_cxx::__normal_iterator<unsigned int*, std::vector<unsigned int, std::allocator<unsigned int> > > const&, __gnu_cxx::__normal_iterator<unsigned int*, std::vector<unsigned int, std::allocator<unsigned int> > > const&) [9]
                0.00    0.00   30464/30466       __gnu_cxx::__normal_iterator<unsigned int*, std::vector<unsigned int, std::allocator<unsigned int> > >::operator*() const [10]
                0.00    0.00   29213/29215       __gnu_cxx::__normal_iterator<unsigned int*, std::vector<unsigned int, std::allocator<unsigned int> > >::operator++() [11]
                0.00    0.00    1488/1489        std::vector<unsigned int, std::allocator<unsigned int> >::begin() [14]
                0.00    0.00    1488/1489        std::vector<unsigned int, std::allocator<unsigned int> >::end() [13]
                0.00    0.00     239/239         std::vector<unsigned int, std::allocator<unsigned int> >::push_back(unsigned int const&) [18]
                0.00    0.00       2/2           std::vector<unsigned int, std::allocator<unsigned int> >::vector() [61]
                0.00    0.00       1/2           std::vector<unsigned int, std::allocator<unsigned int> >::~vector() [62]
-----------------------------------------------
                0.00    0.00       1/1           _GLOBAL__sub_I__Z3divi [63]
[65]     0.0    0.00    0.00       1         __static_initialization_and_destruction_0(int, int) [65]
-----------------------------------------------

 This table describes the call tree of the program, and was sorted by
 the total amount of time spent in each function and its children.

 Each entry in this table consists of several lines.  The line with the
 index number at the left hand margin lists the current function.
 The lines above it list the functions that called this function,
 and the lines below it list the functions this one called.
 This line lists:
     index	A unique number given to each element of the table.
		Index numbers are sorted numerically.
		The index number is printed next to every function name so
		it is easier to look up where the function is in the table.

     % time	This is the percentage of the `total' time that was spent
		in this function and its children.  Note that due to
		different viewpoints, functions excluded by options, etc,
		these numbers will NOT add up to 100%.

     self	This is the total amount of time spent in this function.

     children	This is the total amount of time propagated into this
		function by its children.

     called	This is the number of times the function was called.
		If the function called itself recursively, the number
		only includes non-recursive calls, and is followed by
		a `+' and the number of recursive calls.

     name	The name of the current function.  The index number is
		printed after it.  If the function is a member of a
		cycle, the cycle number is printed between the
		function's name and the index number.


 For the function's parents, the fields have the following meanings:

     self	This is the amount of time that was propagated directly
		from the function into this parent.

     children	This is the amount of time that was propagated from
		the function's children into this parent.

     called	This is the number of times this parent called the
		function `/' the total number of times the function
		was called.  Recursive calls to the function are not
		included in the number after the `/'.

     name	This is the name of the parent.  The parent's index
		number is printed after it.  If the parent is a
		member of a cycle, the cycle number is printed between
		the name and the index number.

 If the parents of the function cannot be determined, the word
 `<spontaneous>' is printed in the `name' field, and all the other
 fields are blank.

 For the function's children, the fields have the following meanings:

     self	This is the amount of time that was propagated directly
		from the child into the function.

     children	This is the amount of time that was propagated from the
		child's children to the function.

     called	This is the number of times the function called
		this child `/' the total number of times the child
		was called.  Recursive calls by the child are not
		listed in the number after the `/'.

     name	This is the name of the child.  The child's index
		number is printed after it.  If the child is a
		member of a cycle, the cycle number is printed
		between the name and the index number.

 If there are any cycles (circles) in the call graph, there is an
 entry for the cycle-as-a-whole.  This entry shows who called the
 cycle (as parents) and the members of the cycle (as children.)
 The `+' recursive calls entry shows the number of function calls that
 were internal to the cycle, and the calls entry for each member shows,
 for that member, how many times it was called from other members of
 the cycle.

Copyright (C) 2012-2015 Free Software Foundation, Inc.

Copying and distribution of this file, with or without modification,
are permitted in any medium without royalty provided the copyright
notice and this notice are preserved.

Index by function name

  [63] _GLOBAL__sub_I__Z3divi [56] std::allocator<unsigned int>::~allocator() [14] std::vector<unsigned int, std::allocator<unsigned int> >::begin()
  [64] div(int)               [22] std::_Iter_base<unsigned int*, false>::_S_base(unsigned int*) [18] std::vector<unsigned int, std::allocator<unsigned int> >::push_back(unsigned int const&)
  [65] __static_initialization_and_destruction_0(int, int) [28] std::_Iter_base<std::move_iterator<unsigned int*>, true>::_S_base(std::move_iterator<unsigned int*>) [61] std::vector<unsigned int, std::allocator<unsigned int> >::vector()
  [37] __gnu_cxx::new_allocator<unsigned int>::deallocate(unsigned int*, unsigned long) [40] unsigned int* std::__copy_move<true, true, std::random_access_iterator_tag>::__copy_m<unsigned int>(unsigned int const*, unsigned int const*, unsigned int*) [62] std::vector<unsigned int, std::allocator<unsigned int> >::~vector()
  [38] __gnu_cxx::new_allocator<unsigned int>::allocate(unsigned long, void const*) [33] void std::_Destroy_aux<true>::__destroy<unsigned int*>(unsigned int*, unsigned int*) [31] std::_Miter_base<std::move_iterator<unsigned int*> >::iterator_type std::__miter_base<std::move_iterator<unsigned int*> >(std::move_iterator<unsigned int*>)
  [16] void __gnu_cxx::new_allocator<unsigned int>::construct<unsigned int, unsigned int const&>(unsigned int*, unsigned int const&) [41] std::_Vector_base<unsigned int, std::allocator<unsigned int> >::_M_allocate(unsigned long) [23] std::_Niter_base<unsigned int*>::iterator_type std::__niter_base<unsigned int*>(unsigned int*)
  [53] __gnu_cxx::new_allocator<unsigned int>::new_allocator() [57] std::_Vector_base<unsigned int, std::allocator<unsigned int> >::_Vector_impl::_Vector_impl() [46] unsigned int* std::__copy_move_a<true, unsigned int*, unsigned int*>(unsigned int*, unsigned int*, unsigned int*)
  [54] __gnu_cxx::new_allocator<unsigned int>::~new_allocator() [58] std::_Vector_base<unsigned int, std::allocator<unsigned int> >::_Vector_impl::~_Vector_impl() [47] unsigned int* std::__copy_move_a2<true, unsigned int*, unsigned int*>(unsigned int*, unsigned int*, unsigned int*)
  [12] __gnu_cxx::__normal_iterator<unsigned int*, std::vector<unsigned int, std::allocator<unsigned int> > >::__normal_iterator(unsigned int* const&) [34] std::_Vector_base<unsigned int, std::allocator<unsigned int> >::_M_deallocate(unsigned int*, unsigned long) [48] unsigned int* std::uninitialized_copy<std::move_iterator<unsigned int*>, unsigned int*>(std::move_iterator<unsigned int*>, std::move_iterator<unsigned int*>, unsigned int*)
  [11] __gnu_cxx::__normal_iterator<unsigned int*, std::vector<unsigned int, std::allocator<unsigned int> > >::operator++() [24] std::_Vector_base<unsigned int, std::allocator<unsigned int> >::_M_get_Tp_allocator() [49] unsigned int* std::__uninitialized_copy_a<std::move_iterator<unsigned int*>, unsigned int*, unsigned int>(std::move_iterator<unsigned int*>, std::move_iterator<unsigned int*>, unsigned int*, std::allocator<unsigned int>&)
   [9] bool __gnu_cxx::operator!=<unsigned int*, std::vector<unsigned int, std::allocator<unsigned int> > >(__gnu_cxx::__normal_iterator<unsigned int*, std::vector<unsigned int, std::allocator<unsigned int> > > const&, __gnu_cxx::__normal_iterator<unsigned int*, std::vector<unsigned int, std::allocator<unsigned int> > > const&) [59] std::_Vector_base<unsigned int, std::allocator<unsigned int> >::_Vector_base() [32] std::move_iterator<unsigned int*> std::__make_move_if_noexcept_iterator<unsigned int*, std::move_iterator<unsigned int*> >(unsigned int*)
  [21] __gnu_cxx::new_allocator<unsigned int>::max_size() const [60] std::_Vector_base<unsigned int, std::allocator<unsigned int> >::~_Vector_base() [50] unsigned int* std::__uninitialized_move_if_noexcept_a<unsigned int*, unsigned int*, std::allocator<unsigned int> >(unsigned int*, unsigned int*, unsigned int*, std::allocator<unsigned int>&)
   [8] __gnu_cxx::__normal_iterator<unsigned int*, std::vector<unsigned int, std::allocator<unsigned int> > >::base() const [29] std::move_iterator<unsigned int*>::move_iterator(unsigned int*) [51] unsigned long const& std::max<unsigned long>(unsigned long const&, unsigned long const&)
  [10] __gnu_cxx::__normal_iterator<unsigned int*, std::vector<unsigned int, std::allocator<unsigned int> > >::operator*() const [42] std::allocator_traits<std::allocator<unsigned int> >::deallocate(std::allocator<unsigned int>&, unsigned int*, unsigned long) [52] unsigned int* std::copy<std::move_iterator<unsigned int*>, unsigned int*>(std::move_iterator<unsigned int*>, std::move_iterator<unsigned int*>, unsigned int*)
  [25] std::_Vector_base<unsigned int, std::allocator<unsigned int> >::_M_get_Tp_allocator() const [43] std::allocator_traits<std::allocator<unsigned int> >::allocate(std::allocator<unsigned int>&, unsigned long) [15] unsigned int const& std::forward<unsigned int const&>(std::remove_reference<unsigned int const&>::type&)
  [26] std::move_iterator<unsigned int*>::base() const [30] std::allocator_traits<std::allocator<unsigned int> >::max_size(std::allocator<unsigned int> const&) [35] void std::_Destroy<unsigned int*>(unsigned int*, unsigned int*)
  [39] std::vector<unsigned int, std::allocator<unsigned int> >::_M_check_len(unsigned long, char const*) const [17] void std::allocator_traits<std::allocator<unsigned int> >::construct<unsigned int, unsigned int const&>(std::allocator<unsigned int>&, unsigned int*, unsigned int const&) [36] void std::_Destroy<unsigned int*, unsigned int>(unsigned int*, unsigned int*, std::allocator<unsigned int>&)
  [20] std::vector<unsigned int, std::allocator<unsigned int> >::size() const [44] unsigned int* std::__uninitialized_copy<true>::__uninit_copy<std::move_iterator<unsigned int*>, unsigned int*>(std::move_iterator<unsigned int*>, std::move_iterator<unsigned int*>, unsigned int*) [19] operator new(unsigned long, void*)
  [27] std::vector<unsigned int, std::allocator<unsigned int> >::max_size() const [45] void std::vector<unsigned int, std::allocator<unsigned int> >::_M_emplace_back_aux<unsigned int const&>(unsigned int const&)
  [55] std::allocator<unsigned int>::allocator() [13] std::vector<unsigned int, std::allocator<unsigned int> >::end()
